{"/Users/user/Documents/Purwadhika/Fundamental/12.exercices.js": {"path":"/Users/user/Documents/Purwadhika/Fundamental/12.exercices.js","all":false,"statementMap":{"0":{"start":{"line":1,"column":0},"end":{"line":1,"column":45}},"1":{"start":{"line":2,"column":0},"end":{"line":2,"column":21}},"2":{"start":{"line":3,"column":0},"end":{"line":3,"column":55}},"3":{"start":{"line":4,"column":0},"end":{"line":4,"column":4}},"4":{"start":{"line":5,"column":0},"end":{"line":5,"column":71}},"5":{"start":{"line":6,"column":0},"end":{"line":6,"column":40}},"6":{"start":{"line":7,"column":0},"end":{"line":7,"column":38}},"7":{"start":{"line":8,"column":0},"end":{"line":8,"column":61}},"8":{"start":{"line":9,"column":0},"end":{"line":9,"column":79}},"9":{"start":{"line":10,"column":0},"end":{"line":10,"column":1}},"10":{"start":{"line":11,"column":0},"end":{"line":11,"column":0}},"11":{"start":{"line":12,"column":0},"end":{"line":12,"column":47}},"12":{"start":{"line":13,"column":0},"end":{"line":13,"column":62}},"13":{"start":{"line":14,"column":0},"end":{"line":14,"column":46}},"14":{"start":{"line":15,"column":0},"end":{"line":15,"column":61}},"15":{"start":{"line":16,"column":0},"end":{"line":16,"column":0}},"16":{"start":{"line":17,"column":0},"end":{"line":17,"column":13}},"17":{"start":{"line":18,"column":0},"end":{"line":18,"column":52}},"18":{"start":{"line":19,"column":0},"end":{"line":19,"column":45}},"19":{"start":{"line":20,"column":0},"end":{"line":20,"column":106}},"20":{"start":{"line":21,"column":0},"end":{"line":21,"column":14}},"21":{"start":{"line":22,"column":0},"end":{"line":22,"column":5}},"22":{"start":{"line":23,"column":0},"end":{"line":23,"column":0}},"23":{"start":{"line":24,"column":0},"end":{"line":24,"column":34}},"24":{"start":{"line":25,"column":0},"end":{"line":25,"column":13}},"25":{"start":{"line":26,"column":0},"end":{"line":26,"column":1}},"26":{"start":{"line":27,"column":0},"end":{"line":27,"column":0}},"27":{"start":{"line":28,"column":0},"end":{"line":28,"column":18}},"28":{"start":{"line":29,"column":0},"end":{"line":29,"column":33}},"29":{"start":{"line":30,"column":0},"end":{"line":30,"column":23}},"30":{"start":{"line":31,"column":0},"end":{"line":31,"column":1}}},"s":{"0":6,"1":6,"2":6,"3":4,"4":4,"5":4,"6":6,"7":6,"8":2,"9":2,"10":1,"11":8,"12":8,"13":8,"14":8,"15":4,"16":4,"17":4,"18":4,"19":4,"20":1,"21":1,"22":1,"23":1,"24":1,"25":1,"26":1,"27":1,"28":1,"29":1,"30":1},"branchMap":{"0":{"type":"branch","line":1,"loc":{"start":{"line":1,"column":0},"end":{"line":10,"column":1}},"locations":[{"start":{"line":1,"column":0},"end":{"line":10,"column":1}}]},"1":{"type":"branch","line":3,"loc":{"start":{"line":3,"column":33},"end":{"line":3,"column":55}},"locations":[{"start":{"line":3,"column":33},"end":{"line":3,"column":55}}]},"2":{"type":"branch","line":4,"loc":{"start":{"line":4,"column":-1},"end":{"line":7,"column":36}},"locations":[{"start":{"line":4,"column":-1},"end":{"line":7,"column":36}}]},"3":{"type":"branch","line":8,"loc":{"start":{"line":8,"column":32},"end":{"line":10,"column":1}},"locations":[{"start":{"line":8,"column":32},"end":{"line":10,"column":1}}]},"4":{"type":"branch","line":12,"loc":{"start":{"line":12,"column":0},"end":{"line":26,"column":1}},"locations":[{"start":{"line":12,"column":0},"end":{"line":26,"column":1}}]},"5":{"type":"branch","line":13,"loc":{"start":{"line":13,"column":40},"end":{"line":13,"column":62}},"locations":[{"start":{"line":13,"column":40},"end":{"line":13,"column":62}}]},"6":{"type":"branch","line":14,"loc":{"start":{"line":14,"column":-1},"end":{"line":14,"column":37}},"locations":[{"start":{"line":14,"column":-1},"end":{"line":14,"column":37}}]},"7":{"type":"branch","line":14,"loc":{"start":{"line":14,"column":37},"end":{"line":14,"column":46}},"locations":[{"start":{"line":14,"column":37},"end":{"line":14,"column":46}}]},"8":{"type":"branch","line":15,"loc":{"start":{"line":15,"column":-1},"end":{"line":15,"column":37}},"locations":[{"start":{"line":15,"column":-1},"end":{"line":15,"column":37}}]},"9":{"type":"branch","line":15,"loc":{"start":{"line":15,"column":37},"end":{"line":15,"column":61}},"locations":[{"start":{"line":15,"column":37},"end":{"line":15,"column":61}}]},"10":{"type":"branch","line":16,"loc":{"start":{"line":16,"column":-1},"end":{"line":22,"column":5}},"locations":[{"start":{"line":16,"column":-1},"end":{"line":22,"column":5}}]},"11":{"type":"branch","line":20,"loc":{"start":{"line":20,"column":76},"end":{"line":20,"column":106}},"locations":[{"start":{"line":20,"column":76},"end":{"line":20,"column":106}}]},"12":{"type":"branch","line":21,"loc":{"start":{"line":21,"column":-1},"end":{"line":22,"column":5}},"locations":[{"start":{"line":21,"column":-1},"end":{"line":22,"column":5}}]},"13":{"type":"branch","line":22,"loc":{"start":{"line":22,"column":4},"end":{"line":26,"column":1}},"locations":[{"start":{"line":22,"column":4},"end":{"line":26,"column":1}}]}},"b":{"0":[6],"1":[2],"2":[4],"3":[2],"4":[8],"5":[2],"6":[6],"7":[1],"8":[5],"9":[1],"10":[4],"11":[3],"12":[1],"13":[1]},"fnMap":{"0":{"name":"convertStringToColoumnNumber","decl":{"start":{"line":1,"column":0},"end":{"line":10,"column":1}},"loc":{"start":{"line":1,"column":0},"end":{"line":10,"column":1}},"line":1},"1":{"name":"findTheSingleNumber","decl":{"start":{"line":12,"column":0},"end":{"line":26,"column":1}},"loc":{"start":{"line":12,"column":0},"end":{"line":26,"column":1}},"line":12}},"f":{"0":6,"1":8}}
,"/Users/user/Documents/Purwadhika/Fundamental/sum.js": {"path":"/Users/user/Documents/Purwadhika/Fundamental/sum.js","all":false,"statementMap":{"0":{"start":{"line":1,"column":0},"end":{"line":1,"column":21}},"1":{"start":{"line":2,"column":0},"end":{"line":2,"column":16}},"2":{"start":{"line":3,"column":0},"end":{"line":3,"column":1}},"3":{"start":{"line":4,"column":0},"end":{"line":4,"column":0}},"4":{"start":{"line":5,"column":0},"end":{"line":5,"column":20}}},"s":{"0":2,"1":2,"2":2,"3":1,"4":1},"branchMap":{"0":{"type":"branch","line":1,"loc":{"start":{"line":1,"column":0},"end":{"line":3,"column":1}},"locations":[{"start":{"line":1,"column":0},"end":{"line":3,"column":1}}]}},"b":{"0":[2]},"fnMap":{"0":{"name":"Sum","decl":{"start":{"line":1,"column":0},"end":{"line":3,"column":1}},"loc":{"start":{"line":1,"column":0},"end":{"line":3,"column":1}},"line":1}},"f":{"0":2}}
}
