TN:
SF:12.exercices.js
FN:1,convertStringToColoumnNumber
FN:12,findTheSingleNumber
FNF:2
FNH:2
FNDA:6,convertStringToColoumnNumber
FNDA:8,findTheSingleNumber
DA:1,6
DA:2,6
DA:3,6
DA:4,4
DA:5,4
DA:6,4
DA:7,6
DA:8,6
DA:9,2
DA:10,2
DA:11,1
DA:12,8
DA:13,8
DA:14,8
DA:15,8
DA:16,4
DA:17,4
DA:18,4
DA:19,4
DA:20,4
DA:21,1
DA:22,1
DA:23,1
DA:24,1
DA:25,1
DA:26,1
DA:27,1
DA:28,1
DA:29,1
DA:30,1
DA:31,1
LF:31
LH:31
BRDA:1,0,0,6
BRDA:3,1,0,2
BRDA:4,2,0,4
BRDA:8,3,0,2
BRDA:12,4,0,8
BRDA:13,5,0,2
BRDA:14,6,0,6
BRDA:14,7,0,1
BRDA:15,8,0,5
BRDA:15,9,0,1
BRDA:16,10,0,4
BRDA:20,11,0,3
BRDA:21,12,0,1
BRDA:22,13,0,1
BRF:14
BRH:14
end_of_record
TN:
SF:sum.js
FN:1,Sum
FNF:1
FNH:1
FNDA:2,Sum
DA:1,2
DA:2,2
DA:3,2
DA:4,1
DA:5,1
LF:5
LH:5
BRDA:1,0,0,2
BRF:1
BRH:1
end_of_record
